üîÑ Acessando sistema...
‚úÖ Acessando sistema realizada com sucesso.
üîÑ Realizando login...
‚úÖ Realizando login realizada com sucesso.
üîÑ Esperando sistema carregar e ajustando zoom...
üîç Zoom ajustado para 90%.
‚úÖ Esperando sistema carregar e ajustando zoom realizada com sucesso.
üîÑ Abrindo menu Ra√ßas...
‚úÖ Abrindo menu Ra√ßas realizada com sucesso.
üîÑ Selecionando op√ß√£o Ra√ßa no menu...
‚ùå Erro ao selecionando op√ß√£o ra√ßa no menu: Message: 

üîÑ Clicando em Cadastrar...
‚ùå Erro ao clicando em cadastrar: Message: 
Stacktrace:
	GetHandleVerifier [0x0xc7c333+65459]
	GetHandleVerifier [0x0xc7c374+65524]
	(No symbol) [0x0xa9d973]
	(No symbol) [0x0xae76e7]
	(No symbol) [0x0xae7a8b]
	(No symbol) [0x0xb2dea2]
	(No symbol) [0x0xb09e44]
	(No symbol) [0x0xb2b606]
	(No symbol) [0x0xb09bf6]
	(No symbol) [0x0xadb38e]
	(No symbol) [0x0xadc274]
	GetHandleVerifier [0x0xefeda3+2697763]
	GetHandleVerifier [0x0xef9ec7+2677575]
	GetHandleVerifier [0x0xca4194+228884]
	GetHandleVerifier [0x0xc949f8+165496]
	GetHandleVerifier [0x0xc9b18d+192013]
	GetHandleVerifier [0x0xc847d8+99416]
	GetHandleVerifier [0x0xc84972+99826]
	GetHandleVerifier [0x0xc6ebea+10346]
	BaseThreadInitThunk [0x0x7728fcc9+25]
	RtlGetAppContainerNamedObjectPath [0x0x77e782ae+286]
	RtlGetAppContainerNamedObjectPath [0x0x77e7827e+238]

üîÑ Preenchendo Nome da Ra√ßa...
‚ùå Erro ao preenchendo nome da ra√ßa: Message: invalid session id: session deleted as the browser has closed the connection
from disconnected: not connected to DevTools
  (Session info: chrome=140.0.7339.129); For documentation on this error, please visit: https://www.selenium.dev/documentation/webdriver/troubleshooting/errors#invalidsessionidexception
Stacktrace:
	GetHandleVerifier [0x0xc7c333+65459]
	GetHandleVerifier [0x0xc7c374+65524]
	(No symbol) [0x0xa9d973]
	(No symbol) [0x0xa8cdf0]
	(No symbol) [0x0xaab4af]
	(No symbol) [0x0xb10775]
	(No symbol) [0x0xb2aef9]
	(No symbol) [0x0xb09bf6]
	(No symbol) [0x0xadb38e]
	(No symbol) [0x0xadc274]
	GetHandleVerifier [0x0xefeda3+2697763]
	GetHandleVerifier [0x0xef9ec7+2677575]
	GetHandleVerifier [0x0xca4194+228884]
	GetHandleVerifier [0x0xc949f8+165496]
	GetHandleVerifier [0x0xc9b18d+192013]
	GetHandleVerifier [0x0xc847d8+99416]
	GetHandleVerifier [0x0xc84972+99826]
	GetHandleVerifier [0x0xc6ebea+10346]
	BaseThreadInitThunk [0x0x7728fcc9+25]
	RtlGetAppContainerNamedObjectPath [0x0x77e782ae+286]
	RtlGetAppContainerNamedObjectPath [0x0x77e7827e+238]

‚ùå ERRO FATAL: Message: invalid session id; For documentation on this error, please visit: https://www.selenium.dev/documentation/webdriver/troubleshooting/errors#invalidsessionidexception
Stacktrace:
	GetHandleVerifier [0x0xc7c333+65459]
	GetHandleVerifier [0x0xc7c374+65524]
	(No symbol) [0x0xa9d7c0]
	(No symbol) [0x0xada663]
	(No symbol) [0x0xb09cb6]
	(No symbol) [0x0xb0555e]
	(No symbol) [0x0xb04ad3]
	(No symbol) [0x0xa6e73d]
	(No symbol) [0x0xa6ecbe]
	(No symbol) [0x0xa6f15d]
	GetHandleVerifier [0x0xefeda3+2697763]
	GetHandleVerifier [0x0xef9ec7+2677575]
	GetHandleVerifier [0x0xca4194+228884]
	GetHandleVerifier [0x0xc949f8+165496]
	GetHandleVerifier [0x0xc9b18d+192013]
	(No symbol) [0x0xa6e3f2]
	(No symbol) [0x0xa6db72]
	GetHandleVerifier [0x0x105340c+4092044]
	BaseThreadInitThunk [0x0x7728fcc9+25]
	RtlGetAppContainerNamedObjectPath [0x0x77e782ae+286]
	RtlGetAppContainerNamedObjectPath [0x0x77e7827e+238]

‚úÖ Teste conclu√≠do com sucesso.
üìÑ Relat√≥rio salvo como: relatorio_racas_cenario_1_20250925_171532.docx
Traceback (most recent call last):
  File "C:\Users\Gold System\AppData\Local\Temp\_MEI115962\cenariostestespegasus\CadastrosPrincipais\CadastrosCen√°riosRa√ßas\cadastrodera√ßas1¬∫cenario.py", line 119, in safe_action
    func()
    ~~~~^^
  File "C:\Users\Gold System\AppData\Local\Temp\_MEI115962\cenariostestespegasus\CadastrosPrincipais\CadastrosCen√°riosRa√ßas\cadastrodera√ßas1¬∫cenario.py", line 208, in <lambda>
    wait.until(EC.visibility_of_element_located((By.CSS_SELECTOR, "#fmod_10081 > div.wdTelas > div.telaCadastro.clearfix > div.catWrapper > div > div > div > div > div > input")))
    ~~~~~~~~~~^^^^^^^^^^^^^^^^^^^^^^^^^^^^^^^^^^^^^^^^^^^^^^^^^^^^^^^^^^^^^^^^^^^^^^^^^^^^^^^^^^^^^^^^^^^^^^^^^^^^^^^^^^^^^^^^^^^^^^^^^^^^^^^^^^^^^^^^^^^^^^^^^^^^^^^^^^^^^^^^^^^^^
  File "C:\Users\Gold System\AppData\Roaming\Python\Python313\site-packages\selenium\webdriver\support\wait.py", line 129, in until
    value = method(self._driver)
  File "C:\Users\Gold System\AppData\Roaming\Python\Python313\site-packages\selenium\webdriver\support\expected_conditions.py", line 217, in _predicate
    return _element_if_visible(driver.find_element(*locator))
                               ~~~~~~~~~~~~~~~~~~~^^^^^^^^^^
  File "C:\Users\Gold System\AppData\Roaming\Python\Python313\site-packages\selenium\webdriver\remote\webdriver.py", line 926, in find_element
    return self.execute(Command.FIND_ELEMENT, {"using": by, "value": value})["value"]
           ~~~~~~~~~~~~^^^^^^^^^^^^^^^^^^^^^^^^^^^^^^^^^^^^^^^^^^^^^^^^^^^^^
  File "C:\Users\Gold System\AppData\Roaming\Python\Python313\site-packages\selenium\webdriver\remote\webdriver.py", line 458, in execute
    self.error_handler.check_response(response)
    ~~~~~~~~~~~~~~~~~~~~~~~~~~~~~~~~~^^^^^^^^^^
  File "C:\Users\Gold System\AppData\Roaming\Python\Python313\site-packages\selenium\webdriver\remote\errorhandler.py", line 232, in check_response
    raise exception_class(message, screen, stacktrace)
selenium.common.exceptions.InvalidSessionIdException: Message: invalid session id: session deleted as the browser has closed the connection
from disconnected: not connected to DevTools
  (Session info: chrome=140.0.7339.129); For documentation on this error, please visit: https://www.selenium.dev/documentation/webdriver/troubleshooting/errors#invalidsessionidexception
Stacktrace:
	GetHandleVerifier [0x0xc7c333+65459]
	GetHandleVerifier [0x0xc7c374+65524]
	(No symbol) [0x0xa9d973]
	(No symbol) [0x0xa8cdf0]
	(No symbol) [0x0xaab4af]
	(No symbol) [0x0xb10775]
	(No symbol) [0x0xb2aef9]
	(No symbol) [0x0xb09bf6]
	(No symbol) [0x0xadb38e]
	(No symbol) [0x0xadc274]
	GetHandleVerifier [0x0xefeda3+2697763]
	GetHandleVerifier [0x0xef9ec7+2677575]
	GetHandleVerifier [0x0xca4194+228884]
	GetHandleVerifier [0x0xc949f8+165496]
	GetHandleVerifier [0x0xc9b18d+192013]
	GetHandleVerifier [0x0xc847d8+99416]
	GetHandleVerifier [0x0xc84972+99826]
	GetHandleVerifier [0x0xc6ebea+10346]
	BaseThreadInitThunk [0x0x7728fcc9+25]
	RtlGetAppContainerNamedObjectPath [0x0x77e782ae+286]
	RtlGetAppContainerNamedObjectPath [0x0x77e7827e+238]


During handling of the above exception, another exception occurred:

Traceback (most recent call last):
  File "C:\Users\Gold System\AppData\Local\Temp\_MEI115962\cenariostestespegasus\CadastrosPrincipais\CadastrosCen√°riosRa√ßas\cadastrodera√ßas1¬∫cenario.py", line 207, in <module>
    safe_action(doc, "Preenchendo Nome da Ra√ßa", lambda: (
    ~~~~~~~~~~~^^^^^^^^^^^^^^^^^^^^^^^^^^^^^^^^^^^^^^^^^^^
        wait.until(EC.visibility_of_element_located((By.CSS_SELECTOR, "#fmod_10081 > div.wdTelas > div.telaCadastro.clearfix > div.catWrapper > div > div > div > div > div > input")))
        ^^^^^^^^^^^^^^^^^^^^^^^^^^^^^^^^^^^^^^^^^^^^^^^^^^^^^^^^^^^^^^^^^^^^^^^^^^^^^^^^^^^^^^^^^^^^^^^^^^^^^^^^^^^^^^^^^^^^^^^^^^^^^^^^^^^^^^^^^^^^^^^^^^^^^^^^^^^^^^^^^^^^^^^^^^^^^^^
        .send_keys(nome_raca)
        ^^^^^^^^^^^^^^^^^^^^^
    ))
    ^^
  File "C:\Users\Gold System\AppData\Local\Temp\_MEI115962\cenariostestespegasus\CadastrosPrincipais\CadastrosCen√°riosRa√ßas\cadastrodera√ßas1¬∫cenario.py", line 124, in safe_action
    take_screenshot(driver, doc, f"erro_{descricao.lower().replace(' ', '_')}")
    ~~~~~~~~~~~~~~~^^^^^^^^^^^^^^^^^^^^^^^^^^^^^^^^^^^^^^^^^^^^^^^^^^^^^^^^^^^^
  File "C:\Users\Gold System\AppData\Local\Temp\_MEI115962\cenariostestespegasus\CadastrosPrincipais\CadastrosCen√°riosRa√ßas\cadastrodera√ßas1¬∫cenario.py", line 111, in take_screenshot
    driver.save_screenshot(path)
    ~~~~~~~~~~~~~~~~~~~~~~^^^^^^
  File "C:\Users\Gold System\AppData\Roaming\Python\Python313\site-packages\selenium\webdriver\remote\webdriver.py", line 1025, in save_screenshot
    return self.get_screenshot_as_file(filename)
           ~~~~~~~~~~~~~~~~~~~~~~~~~~~^^^^^^^^^^
  File "C:\Users\Gold System\AppData\Roaming\Python\Python313\site-packages\selenium\webdriver\remote\webdriver.py", line 1000, in get_screenshot_as_file
    png = self.get_screenshot_as_png()
  File "C:\Users\Gold System\AppData\Roaming\Python\Python313\site-packages\selenium\webdriver\remote\webdriver.py", line 1034, in get_screenshot_as_png
    return b64decode(self.get_screenshot_as_base64().encode("ascii"))
                     ~~~~~~~~~~~~~~~~~~~~~~~~~~~~~^^
  File "C:\Users\Gold System\AppData\Roaming\Python\Python313\site-packages\selenium\webdriver\remote\webdriver.py", line 1044, in get_screenshot_as_base64
    return self.execute(Command.SCREENSHOT)["value"]
           ~~~~~~~~~~~~^^^^^^^^^^^^^^^^^^^^
  File "C:\Users\Gold System\AppData\Roaming\Python\Python313\site-packages\selenium\webdriver\remote\webdriver.py", line 458, in execute
    self.error_handler.check_response(response)
    ~~~~~~~~~~~~~~~~~~~~~~~~~~~~~~~~~^^^^^^^^^^
  File "C:\Users\Gold System\AppData\Roaming\Python\Python313\site-packages\selenium\webdriver\remote\errorhandler.py", line 232, in check_response
    raise exception_class(message, screen, stacktrace)
selenium.common.exceptions.InvalidSessionIdException: Message: invalid session id; For documentation on this error, please visit: https://www.selenium.dev/documentation/webdriver/troubleshooting/errors#invalidsessionidexception
Stacktrace:
	GetHandleVerifier [0x0xc7c333+65459]
	GetHandleVerifier [0x0xc7c374+65524]
	(No symbol) [0x0xa9d7c0]
	(No symbol) [0x0xada663]
	(No symbol) [0x0xb09cb6]
	(No symbol) [0x0xb0555e]
	(No symbol) [0x0xb04ad3]
	(No symbol) [0x0xa6e73d]
	(No symbol) [0x0xa6ecbe]
	(No symbol) [0x0xa6f15d]
	GetHandleVerifier [0x0xefeda3+2697763]
	GetHandleVerifier [0x0xef9ec7+2677575]
	GetHandleVerifier [0x0xca4194+228884]
	GetHandleVerifier [0x0xc949f8+165496]
	GetHandleVerifier [0x0xc9b18d+192013]
	(No symbol) [0x0xa6e3f2]
	(No symbol) [0x0xa6db72]
	GetHandleVerifier [0x0x105340c+4092044]
	BaseThreadInitThunk [0x0x7728fcc9+25]
	RtlGetAppContainerNamedObjectPath [0x0x77e782ae+286]
	RtlGetAppContainerNamedObjectPath [0x0x77e7827e+238]


During handling of the above exception, another exception occurred:

Traceback (most recent call last):
  File "C:\Users\Gold System\AppData\Local\Temp\_MEI115962\cenariostestespegasus\CadastrosPrincipais\CadastrosCen√°riosRa√ßas\cadastrodera√ßas1¬∫cenario.py", line 226, in <module>
    take_screenshot(driver, doc, "erro_fatal")
    ~~~~~~~~~~~~~~~^^^^^^^^^^^^^^^^^^^^^^^^^^^
  File "C:\Users\Gold System\AppData\Local\Temp\_MEI115962\cenariostestespegasus\CadastrosPrincipais\CadastrosCen√°riosRa√ßas\cadastrodera√ßas1¬∫cenario.py", line 111, in take_screenshot
    driver.save_screenshot(path)
    ~~~~~~~~~~~~~~~~~~~~~~^^^^^^
  File "C:\Users\Gold System\AppData\Roaming\Python\Python313\site-packages\selenium\webdriver\remote\webdriver.py", line 1025, in save_screenshot
    return self.get_screenshot_as_file(filename)
           ~~~~~~~~~~~~~~~~~~~~~~~~~~~^^^^^^^^^^
  File "C:\Users\Gold System\AppData\Roaming\Python\Python313\site-packages\selenium\webdriver\remote\webdriver.py", line 1000, in get_screenshot_as_file
    png = self.get_screenshot_as_png()
  File "C:\Users\Gold System\AppData\Roaming\Python\Python313\site-packages\selenium\webdriver\remote\webdriver.py", line 1034, in get_screenshot_as_png
    return b64decode(self.get_screenshot_as_base64().encode("ascii"))
                     ~~~~~~~~~~~~~~~~~~~~~~~~~~~~~^^
  File "C:\Users\Gold System\AppData\Roaming\Python\Python313\site-packages\selenium\webdriver\remote\webdriver.py", line 1044, in get_screenshot_as_base64
    return self.execute(Command.SCREENSHOT)["value"]
           ~~~~~~~~~~~~^^^^^^^^^^^^^^^^^^^^
  File "C:\Users\Gold System\AppData\Roaming\Python\Python313\site-packages\selenium\webdriver\remote\webdriver.py", line 458, in execute
    self.error_handler.check_response(response)
    ~~~~~~~~~~~~~~~~~~~~~~~~~~~~~~~~~^^^^^^^^^^
  File "C:\Users\Gold System\AppData\Roaming\Python\Python313\site-packages\selenium\webdriver\remote\errorhandler.py", line 232, in check_response
    raise exception_class(message, screen, stacktrace)
selenium.common.exceptions.InvalidSessionIdException: Message: invalid session id; For documentation on this error, please visit: https://www.selenium.dev/documentation/webdriver/troubleshooting/errors#invalidsessionidexception
Stacktrace:
	GetHandleVerifier [0x0xc7c333+65459]
	GetHandleVerifier [0x0xc7c374+65524]
	(No symbol) [0x0xa9d7c0]
	(No symbol) [0x0xada663]
	(No symbol) [0x0xb09cb6]
	(No symbol) [0x0xb0555e]
	(No symbol) [0x0xb04ad3]
	(No symbol) [0x0xa6e73d]
	(No symbol) [0x0xa6ecbe]
	(No symbol) [0x0xa6f15d]
	GetHandleVerifier [0x0xefeda3+2697763]
	GetHandleVerifier [0x0xef9ec7+2677575]
	GetHandleVerifier [0x0xca4194+228884]
	GetHandleVerifier [0x0xc949f8+165496]
	GetHandleVerifier [0x0xc9b18d+192013]
	(No symbol) [0x0xa6e3f2]
	(No symbol) [0x0xa6db72]
	GetHandleVerifier [0x0x105340c+4092044]
	BaseThreadInitThunk [0x0x7728fcc9+25]
	RtlGetAppContainerNamedObjectPath [0x0x77e782ae+286]
	RtlGetAppContainerNamedObjectPath [0x0x77e7827e+238]

