ğŸ”„ Acessando o sistema...
âœ… Acessando o sistema realizado com sucesso.
ğŸ–¼ï¸ Screenshot: screenshots\acessando_o_sistema_142235.png
ğŸ“¸ Sistema acessado.
ğŸ–¼ï¸ Screenshot: screenshots\url_acessada_142236.png
ğŸ”„ Realizando login...
âœ… Realizando login realizado com sucesso.
ğŸ–¼ï¸ Screenshot: screenshots\realizando_login_142238.png
ğŸ“¸ Login realizado.
ğŸ–¼ï¸ Screenshot: screenshots\login_concluido_142239.png
ğŸ”„ Ajustando zoom...
âœ… Ajustando zoom realizado com sucesso.
ğŸ–¼ï¸ Screenshot: screenshots\ajustando_zoom_142239.png
ğŸ”„ Abrindo menu ComissÃ£o...
Traceback (most recent call last):
  File "C:\Users\Gold System\AppData\Local\Temp\_MEI143162\cenariostestespegasus\CadastrosPrincipais\CadastrosCenÃ¡riosComissÃ£o\cadastrodecomissao2Âºcenario.py", line 316, in <module>
    main()
    ~~~~^^
  File "C:\Users\Gold System\AppData\Local\Temp\_MEI143162\cenariostestespegasus\CadastrosPrincipais\CadastrosCenÃ¡riosComissÃ£o\cadastrodecomissao2Âºcenario.py", line 220, in main
    if not safe_action(doc, "Abrindo menu ComissÃ£o", abrir_menu, driver, wait)[0]:
           ~~~~~~~~~~~^^^^^^^^^^^^^^^^^^^^^^^^^^^^^^^^^^^^^^^^^^^^^^^^^^^^^^^^
  File "C:\RPASelenium\RPAsPegasusSelenium\utils\actions.py", line 35, in safe_action
    result = func()
  File "C:\Users\Gold System\AppData\Local\Temp\_MEI143162\cenariostestespegasus\CadastrosPrincipais\CadastrosCenÃ¡riosComissÃ£o\cadastrodecomissao2Âºcenario.py", line 89, in abrir_menu
    campo.click()
    ~~~~~~~~~~~^^
  File "C:\Users\Gold System\AppData\Roaming\Python\Python313\site-packages\selenium\webdriver\remote\webelement.py", line 120, in click
    self._execute(Command.CLICK_ELEMENT)
    ~~~~~~~~~~~~~^^^^^^^^^^^^^^^^^^^^^^^
  File "C:\Users\Gold System\AppData\Roaming\Python\Python313\site-packages\selenium\webdriver\remote\webelement.py", line 573, in _execute
    return self._parent.execute(command, params)
           ~~~~~~~~~~~~~~~~~~~~^^^^^^^^^^^^^^^^^
  File "C:\Users\Gold System\AppData\Roaming\Python\Python313\site-packages\selenium\webdriver\remote\webdriver.py", line 458, in execute
    self.error_handler.check_response(response)
    ~~~~~~~~~~~~~~~~~~~~~~~~~~~~~~~~~^^^^^^^^^^
  File "C:\Users\Gold System\AppData\Roaming\Python\Python313\site-packages\selenium\webdriver\remote\errorhandler.py", line 232, in check_response
    raise exception_class(message, screen, stacktrace)
selenium.common.exceptions.ElementNotInteractableException: Message: element not interactable
  (Session info: chrome=140.0.7339.129); For documentation on this error, please visit: https://www.selenium.dev/documentation/webdriver/troubleshooting/errors#elementnotinteractableexception
Stacktrace:
	GetHandleVerifier [0x0x9bc333+65459]
	GetHandleVerifier [0x0x9bc374+65524]
	(No symbol) [0x0x7dd7c0]
	(No symbol) [0x0x8288fe]
	(No symbol) [0x0x81d195]
	(No symbol) [0x0x849dfc]
	(No symbol) [0x0x81cbf4]
	(No symbol) [0x0x849fb4]
	(No symbol) [0x0x86b606]
	(No symbol) [0x0x849bf6]
	(No symbol) [0x0x81b38e]
	(No symbol) [0x0x81c274]
	GetHandleVerifier [0x0xc3eda3+2697763]
	GetHandleVerifier [0x0xc39ec7+2677575]
	GetHandleVerifier [0x0x9e4194+228884]
	GetHandleVerifier [0x0x9d49f8+165496]
	GetHandleVerifier [0x0x9db18d+192013]
	GetHandleVerifier [0x0x9c47d8+99416]
	GetHandleVerifier [0x0x9c4972+99826]
	GetHandleVerifier [0x0x9aebea+10346]
	BaseThreadInitThunk [0x0x755bfcc9+25]
	RtlGetAppContainerNamedObjectPath [0x0x773a82ae+286]
	RtlGetAppContainerNamedObjectPath [0x0x773a827e+238]

